# JRE version: Java(TM) SE Runtime Environment (8.0_101-b13) (build 1.8.0_101-b13)
# Java VM: Java HotSpot(TM) 64-Bit Server VM (25.101-b13 mixed mode windows-amd64 compressed oops)
Heap:
 PSYoungGen      total 38400K, used 28221K [0x00000000eab00000, 0x00000000ed580000, 0x0000000100000000)
  eden space 33280K, 69% used [0x00000000eab00000,0x00000000ec1955f8,0x00000000ecb80000)
  from space 5120K, 99% used [0x00000000ed080000,0x00000000ed579ea0,0x00000000ed580000)
  to   space 5120K, 0% used [0x00000000ecb80000,0x00000000ecb80000,0x00000000ed080000)
 ParOldGen       total 52736K, used 3639K [0x00000000c0000000, 0x00000000c3380000, 0x00000000eab00000)
  object space 52736K, 6% used [0x00000000c0000000,0x00000000c038df40,0x00000000c3380000)
 Metaspace       used 6187K, capacity 7090K, committed 7296K, reserved 1058816K
  class space    used 604K, capacity 618K, committed 640K, reserved 1048576K
GC Heap History (6 events):
Event: 2.135 GC heap before
{Heap before GC invocations=1 (full 0):
 PSYoungGen      total 38400K, used 16666K [0x00000000eab00000, 0x00000000ed580000, 0x0000000100000000)
  eden space 33280K, 50% used [0x00000000eab00000,0x00000000ebb46a50,0x00000000ecb80000)
  from space 5120K, 0% used [0x00000000ed080000,0x00000000ed080000,0x00000000ed580000)
  to   space 5120K, 0% used [0x00000000ecb80000,0x00000000ecb80000,0x00000000ed080000)
 ParOldGen       total 87552K, used 0K [0x00000000c0000000, 0x00000000c5580000, 0x00000000eab00000)
  object space 87552K, 0% used [0x00000000c0000000,0x00000000c0000000,0x00000000c5580000)
 Metaspace       used 5195K, capacity 6160K, committed 6272K, reserved 1060864K
  class space    used 571K, capacity 584K, committed 640K, reserved 1048576K
Event: 2.156 GC heap after
Heap after GC invocations=1 (full 0):
 PSYoungGen      total 38400K, used 2773K [0x00000000eab00000, 0x00000000ed580000, 0x0000000100000000)
  eden space 33280K, 0% used [0x00000000eab00000,0x00000000eab00000,0x00000000ecb80000)
  from space 5120K, 54% used [0x00000000ecb80000,0x00000000ece35578,0x00000000ed080000)
  to   space 5120K, 0% used [0x00000000ed080000,0x00000000ed080000,0x00000000ed580000)
 ParOldGen       total 87552K, used 0K [0x00000000c0000000, 0x00000000c5580000, 0x00000000eab00000)
  object space 87552K, 0% used [0x00000000c0000000,0x00000000c0000000,0x00000000c5580000)
 Metaspace       used 5195K, capacity 6160K, committed 6272K, reserved 1060864K
  class space    used 571K, capacity 584K, committed 640K, reserved 1048576K
}
Event: 2.156 GC heap before
{Heap before GC invocations=2 (full 1):
 PSYoungGen      total 38400K, used 2773K [0x00000000eab00000, 0x00000000ed580000, 0x0000000100000000)
  eden space 33280K, 0% used [0x00000000eab00000,0x00000000eab00000,0x00000000ecb80000)
  from space 5120K, 54% used [0x00000000ecb80000,0x00000000ece35578,0x00000000ed080000)
  to   space 5120K, 0% used [0x00000000ed080000,0x00000000ed080000,0x00000000ed580000)
 ParOldGen       total 87552K, used 0K [0x00000000c0000000, 0x00000000c5580000, 0x00000000eab00000)
  object space 87552K, 0% used [0x00000000c0000000,0x00000000c0000000,0x00000000c5580000)
 Metaspace       used 5195K, capacity 6160K, committed 6272K, reserved 1060864K
  class space    used 571K, capacity 584K, committed 640K, reserved 1048576K
Event: 2.175 GC heap after
Heap after GC invocations=2 (full 1):
 PSYoungGen      total 38400K, used 0K [0x00000000eab00000, 0x00000000ed580000, 0x0000000100000000)
  eden space 33280K, 0% used [0x00000000eab00000,0x00000000eab00000,0x00000000ecb80000)
  from space 5120K, 0% used [0x00000000ecb80000,0x00000000ecb80000,0x00000000ed080000)
  to   space 5120K, 0% used [0x00000000ed080000,0x00000000ed080000,0x00000000ed580000)
 ParOldGen       total 52736K, used 2641K [0x00000000c0000000, 0x00000000c3380000, 0x00000000eab00000)
  object space 52736K, 5% used [0x00000000c0000000,0x00000000c02946a0,0x00000000c3380000)
 Metaspace       used 5195K, capacity 6160K, committed 6272K, reserved 1058816K
  class space    used 571K, capacity 584K, committed 640K, reserved 1048576K
}
Event: 2.969 GC heap before
{Heap before GC invocations=3 (full 1):
 PSYoungGen      total 38400K, used 33280K [0x00000000eab00000, 0x00000000ed580000, 0x0000000100000000)
  eden space 33280K, 100% used [0x00000000eab00000,0x00000000ecb80000,0x00000000ecb80000)
  from space 5120K, 0% used [0x00000000ecb80000,0x00000000ecb80000,0x00000000ed080000)
  to   space 5120K, 0% used [0x00000000ed080000,0x00000000ed080000,0x00000000ed580000)
 ParOldGen       total 52736K, used 2641K [0x00000000c0000000, 0x00000000c3380000, 0x00000000eab00000)
  object space 52736K, 5% used [0x00000000c0000000,0x00000000c02946a0,0x00000000c3380000)
 Metaspace       used 6064K, capacity 6962K, committed 7040K, reserved 1058816K
  class space    used 603K, capacity 618K, committed 640K, reserved 1048576K
Event: 3.078 GC heap after
Heap after GC invocations=3 (full 1):
 PSYoungGen      total 38400K, used 5095K [0x00000000eab00000, 0x00000000ed580000, 0x0000000100000000)
  eden space 33280K, 0% used [0x00000000eab00000,0x00000000eab00000,0x00000000ecb80000)
  from space 5120K, 99% used [0x00000000ed080000,0x00000000ed579ea0,0x00000000ed580000)
  to   space 5120K, 0% used [0x00000000ecb80000,0x00000000ecb80000,0x00000000ed080000)
 ParOldGen       total 52736K, used 3639K [0x00000000c0000000, 0x00000000c3380000, 0x00000000eab00000)
  object space 52736K, 6% used [0x00000000c0000000,0x00000000c038df40,0x00000000c3380000)
 Metaspace       used 6064K, capacity 6962K, committed 7040K, reserved 1058816K
  class space    used 603K, capacity 618K, committed 640K, reserved 1048576K
}

